<?xml version="1.0" encoding="UTF-8"?>
<!-- Generated by org.testng.reporters.JUnitReportReporter -->
<testsuite hostname="DESKTOP-EF27B0K" failures="0" tests="1" name="testCases.TC004_SearchProductTest" time="1.423" errors="0" timestamp="2024-11-06T14:15:37 IST" skipped="0">
  <testcase classname="testCases.TC004_SearchProductTest" name="verify_productSearch" time="1.423"/>
  <system-out/>
</testsuite> <!-- testCases.TC004_SearchProductTest -->
