<?xml version="1.0" encoding="UTF-8"?>
<!-- Generated by org.testng.reporters.JUnitReportReporter -->
<testsuite hostname="DESKTOP-EF27B0K" failures="0" tests="1" name="testCases.TC002_LoginTest" time="1.892" errors="0" timestamp="2024-10-24T15:59:31 IST" skipped="0">
  <testcase classname="testCases.TC002_LoginTest" name="verify_login" time="1.892"/>
</testsuite> <!-- testCases.TC002_LoginTest -->
